<?xml version="1.0" encoding="UTF-8" ?>
<testsuite errors="1" failures="0" hostname="shivakrishnach" name="testUtils.helper" skipped="0" tests="1" time="0.379" timestamp="2014-09-09T15:25:46">
  <properties>
    <property name="java.vendor" value="Oracle Corporation" />
    <property name="sun.java.launcher" value="SUN_STANDARD" />
    <property name="ant.file.type.AntProject" value="file" />
    <property name="start.time" value="09/09/2014 08:55 PM" />
    <property name="sun.management.compiler" value="HotSpot Client Compiler" />
    <property name="env.PROMPT" value="$P$G" />
    <property name="test.reportsDir" value="C:\Users\shivakrishna.ch\MavenJenkinsProject\src\test\java\Reports" />
    <property name="os.name" value="Windows 7" />
    <property name="env.FP_NO_HOST_CHECK" value="NO" />
    <property name="sun.boot.class.path" value="C:\Program Files\Java\jdk1.7.0_67\jre\lib\resources.jar;C:\Program Files\Java\jdk1.7.0_67\jre\lib\rt.jar;C:\Program Files\Java\jdk1.7.0_67\jre\lib\sunrsasign.jar;C:\Program Files\Java\jdk1.7.0_67\jre\lib\jsse.jar;C:\Program Files\Java\jdk1.7.0_67\jre\lib\jce.jar;C:\Program Files\Java\jdk1.7.0_67\jre\lib\charsets.jar;C:\Program Files\Java\jdk1.7.0_67\jre\lib\jfr.jar;C:\Program Files\Java\jdk1.7.0_67\jre\classes" />
    <property name="ws.home" value="C:\Users\shivakrishna.ch\MavenJenkinsProject" />
    <property name="env.COMPUTERNAME" value="SHIVAKRISHNACH" />
    <property name="TODAY" value="September 9 2014" />
    <property name="env.ALLUSERSPROFILE" value="C:\ProgramData" />
    <property name="ant.file.AntProject" value="C:\Users\shivakrishna.ch\MavenJenkinsProject\build.xml" />
    <property name="sun.desktop" value="windows" />
    <property name="java.vm.specification.vendor" value="Oracle Corporation" />
    <property name="ant.home" value="D:\ant\apache-ant-1.9.4" />
    <property name="java.runtime.version" value="1.7.0_67-b01" />
    <property name="env.HOMEPATH" value="\Users\shivakrishna.ch" />
    <property name="test.classpath" value="C:\Users\shivakrishna.ch\.m2\repository\antlr\antlr\2.7.7\antlr-2.7.7.jar:C:\Users\shivakrishna.ch\.m2\repository\asm\asm-analysis\3.2\asm-analysis-3.2.jar:C:\Users\shivakrishna.ch\.m2\repository\asm\asm-commons\3.2\asm-commons-3.2.jar:C:\Users\shivakrishna.ch\.m2\repository\asm\asm-tree\3.2\asm-tree-3.2.jar:C:\Users\shivakrishna.ch\.m2\repository\asm\asm-util\3.2\asm-util-3.2.jar:C:\Users\shivakrishna.ch\.m2\repository\asm\asm\3.2\asm-3.2.jar:C:\Users\shivakrishna.ch\.m2\repository\biz\aQute\bndlib\0.0.145\bndlib-0.0.145.jar:C:\Users\shivakrishna.ch\.m2\repository\cglib\cglib-nodep\2.1_3\cglib-nodep-2.1_3.jar:C:\Users\shivakrishna.ch\.m2\repository\classworlds\classworlds\1.1\classworlds-1.1.jar:C:\Users\shivakrishna.ch\.m2\repository\com\beust\jcommander\1.27\jcommander-1.27.jar:C:\Users\shivakrishna.ch\.m2\repository\com\google\code\findbugs\jsr305\2.0.1\jsr305-2.0.1.jar:C:\Users\shivakrishna.ch\.m2\repository\com\google\collections\google-collections\1.0\google-collections-1.0.jar:C:\Users\shivakrishna.ch\.m2\repository\com\google\guava\guava\15.0\guava-15.0.jar:C:\Users\shivakrishna.ch\.m2\repository\com\nexii\testing\NexiiMaven\1.0-SNAPSHOT\NexiiMaven-1.0-SNAPSHOT.jar:C:\Users\shivakrishna.ch\.m2\repository\commons-cli\commons-cli\1.0\commons-cli-1.0.jar:C:\Users\shivakrishna.ch\.m2\repository\commons-codec\commons-codec\1.8\commons-codec-1.8.jar:C:\Users\shivakrishna.ch\.m2\repository\commons-codec\commons-codec\1.9\commons-codec-1.9.jar:C:\Users\shivakrishna.ch\.m2\repository\commons-collections\commons-collections\3.2.1\commons-collections-3.2.1.jar:C:\Users\shivakrishna.ch\.m2\repository\commons-io\commons-io\1.4\commons-io-1.4.jar:C:\Users\shivakrishna.ch\.m2\repository\commons-io\commons-io\2.2\commons-io-2.2.jar:C:\Users\shivakrishna.ch\.m2\repository\commons-io\commons-io\2.4\commons-io-2.4.jar:C:\Users\shivakrishna.ch\.m2\repository\commons-lang\commons-lang\2.1\commons-lang-2.1.jar:C:\Users\shivakrishna.ch\.m2\repository\commons-logging\commons-logging-api\1.1\commons-logging-api-1.1.jar:C:\Users\shivakrishna.ch\.m2\repository\commons-logging\commons-logging\1.1.3\commons-logging-1.1.3.jar:C:\Users\shivakrishna.ch\.m2\repository\dom4j\dom4j\1.6.1\dom4j-1.6.1.jar:C:\Users\shivakrishna.ch\.m2\repository\io\netty\netty\3.5.2.Final\netty-3.5.2.Final.jar:C:\Users\shivakrishna.ch\.m2\repository\jdom\jdom\1.0\jdom-1.0.jar:C:\Users\shivakrishna.ch\.m2\repository\jline\jline\0.9.1\jline-0.9.1.jar:C:\Users\shivakrishna.ch\.m2\repository\junit\junit\3.8.1\junit-3.8.1.jar:C:\Users\shivakrishna.ch\.m2\repository\junit\junit\3.8.2\junit-3.8.2.jar:C:\Users\shivakrishna.ch\.m2\repository\junit\junit\4.11\junit-4.11.jar:C:\Users\shivakrishna.ch\.m2\repository\log4j\log4j\1.2.12\log4j-1.2.12.jar:C:\Users\shivakrishna.ch\.m2\repository\log4j\log4j\1.2.14\log4j-1.2.14.jar:C:\Users\shivakrishna.ch\.m2\repository\mx4j\mx4j-tools\3.0.1\mx4j-tools-3.0.1.jar:C:\Users\shivakrishna.ch\.m2\repository\net\java\dev\jna\jna\3.4.0\jna-3.4.0.jar:C:\Users\shivakrishna.ch\.m2\repository\net\java\dev\jna\platform\3.4.0\platform-3.4.0.jar:C:\Users\shivakrishna.ch\.m2\repository\net\jcip\jcip-annotations\1.0\jcip-annotations-1.0.jar:C:\Users\shivakrishna.ch\.m2\repository\net\sourceforge\cssparser\cssparser\0.9.11\cssparser-0.9.11.jar:C:\Users\shivakrishna.ch\.m2\repository\net\sourceforge\cssparser\cssparser\0.9.13\cssparser-0.9.13.jar:C:\Users\shivakrishna.ch\.m2\repository\net\sourceforge\htmlunit\htmlunit-core-js\2.13\htmlunit-core-js-2.13.jar:C:\Users\shivakrishna.ch\.m2\repository\net\sourceforge\htmlunit\htmlunit-core-js\2.14\htmlunit-core-js-2.14.jar:C:\Users\shivakrishna.ch\.m2\repository\net\sourceforge\htmlunit\htmlunit\2.13\htmlunit-2.13.jar:C:\Users\shivakrishna.ch\.m2\repository\net\sourceforge\htmlunit\htmlunit\2.14\htmlunit-2.14.jar:C:\Users\shivakrishna.ch\.m2\repository\net\sourceforge\jchardet\jchardet\1.0\jchardet-1.0.jar:C:\Users\shivakrishna.ch\.m2\repository\net\sourceforge\jexcelapi\jxl\2.6.12\jxl-2.6.12.jar:C:\Users\shivakrishna.ch\.m2\repository\net\sourceforge\nekohtml\nekohtml\1.9.19\nekohtml-1.9.19.jar:C:\Users\shivakrishna.ch\.m2\repository\net\sourceforge\nekohtml\nekohtml\1.9.20\nekohtml-1.9.20.jar:C:\Users\shivakrishna.ch\.m2\repository\org\apache\ant\ant\1.8.1\ant-1.8.1.jar:C:\Users\shivakrishna.ch\.m2\repository\org\apache\commons\commons-exec\1.1\commons-exec-1.1.jar:C:\Users\shivakrishna.ch\.m2\repository\org\apache\commons\commons-lang3\3.1\commons-lang3-3.1.jar:C:\Users\shivakrishna.ch\.m2\repository\org\apache\commons\commons-lang3\3.2.1\commons-lang3-3.2.1.jar:C:\Users\shivakrishna.ch\.m2\repository\org\apache\httpcomponents\httpclient\4.3.1\httpclient-4.3.1.jar:C:\Users\shivakrishna.ch\.m2\repository\org\apache\httpcomponents\httpclient\4.3.2\httpclient-4.3.2.jar:C:\Users\shivakrishna.ch\.m2\repository\org\apache\httpcomponents\httpcore\4.3.1\httpcore-4.3.1.jar:C:\Users\shivakrishna.ch\.m2\repository\org\apache\httpcomponents\httpcore\4.3\httpcore-4.3.jar:C:\Users\shivakrishna.ch\.m2\repository\org\apache\httpcomponents\httpmime\4.3.1\httpmime-4.3.1.jar:C:\Users\shivakrishna.ch\.m2\repository\org\apache\httpcomponents\httpmime\4.3.2\httpmime-4.3.2.jar:C:\Users\shivakrishna.ch\.m2\repository\org\apache\maven\archetype\archetype-catalog\2.2\archetype-catalog-2.2.jar:C:\Users\shivakrishna.ch\.m2\repository\org\apache\maven\archetype\archetype-common\2.2\archetype-common-2.2.jar:C:\Users\shivakrishna.ch\.m2\repository\org\apache\maven\archetype\archetype-descriptor\2.2\archetype-descriptor-2.2.jar:C:\Users\shivakrishna.ch\.m2\repository\org\apache\maven\archetype\archetype-registry\2.2\archetype-registry-2.2.jar:C:\Users\shivakrishna.ch\.m2\repository\org\apache\maven\archetypes\maven-archetype-quickstart\1.0\maven-archetype-quickstart-1.0.jar:C:\Users\shivakrishna.ch\.m2\repository\org\apache\maven\archetypes\maven-archetype-quickstart\1.1\maven-archetype-quickstart-1.1.jar:C:\Users\shivakrishna.ch\.m2\repository\org\apache\maven\doxia\doxia-sink-api\1.0-alpha-7\doxia-sink-api-1.0-alpha-7.jar:C:\Users\shivakrishna.ch\.m2\repository\org\apache\maven\doxia\doxia-sink-api\1.0-alpha-9\doxia-sink-api-1.0-alpha-9.jar:C:\Users\shivakrishna.ch\.m2\repository\org\apache\maven\maven-archiver\2.2\maven-archiver-2.2.jar:C:\Users\shivakrishna.ch\.m2\repository\org\apache\maven\maven-archiver\2.5\maven-archiver-2.5.jar:C:\Users\shivakrishna.ch\.m2\repository\org\apache\maven\maven-artifact-manager\2.0.9\maven-artifact-manager-2.0.9.jar:C:\Users\shivakrishna.ch\.m2\repository\org\apache\maven\maven-artifact\2.0\maven-artifact-2.0.jar:C:\Users\shivakrishna.ch\.m2\repository\org\apache\maven\maven-core\2.0.9\maven-core-2.0.9.jar:C:\Users\shivakrishna.ch\.m2\repository\org\apache\maven\maven-error-diagnostics\2.0.9\maven-error-diagnostics-2.0.9.jar:C:\Users\shivakrishna.ch\.m2\repository\org\apache\maven\maven-model\2.0.9\maven-model-2.0.9.jar:C:\Users\shivakrishna.ch\.m2\repository\org\apache\maven\maven-monitor\2.0.9\maven-monitor-2.0.9.jar:C:\Users\shivakrishna.ch\.m2\repository\org\apache\maven\maven-plugin-api\2.0.9\maven-plugin-api-2.0.9.jar:C:\Users\shivakrishna.ch\.m2\repository\org\apache\maven\maven-plugin-descriptor\2.0.9\maven-plugin-descriptor-2.0.9.jar:C:\Users\shivakrishna.ch\.m2\repository\org\apache\maven\maven-plugin-parameter-documenter\2.0.9\maven-plugin-parameter-documenter-2.0.9.jar:C:\Users\shivakrishna.ch\.m2\repository\org\apache\maven\maven-plugin-registry\2.0.9\maven-plugin-registry-2.0.9.jar:C:\Users\shivakrishna.ch\.m2\repository\org\apache\maven\maven-profile\2.0.9\maven-profile-2.0.9.jar:C:\Users\shivakrishna.ch\.m2\repository\org\apache\maven\maven-project\2.0.9\maven-project-2.0.9.jar:C:\Users\shivakrishna.ch\.m2\repository\org\apache\maven\maven-repository-metadata\2.0.9\maven-repository-metadata-2.0.9.jar:C:\Users\shivakrishna.ch\.m2\repository\org\apache\maven\maven-settings\2.0.9\maven-settings-2.0.9.jar:C:\Users\shivakrishna.ch\.m2\repository\org\apache\maven\maven-toolchain\2.0.9\maven-toolchain-2.0.9.jar:C:\Users\shivakrishna.ch\.m2\repository\org\apache\maven\plugin-tools\maven-plugin-annotations\3.1\maven-plugin-annotations-3.1.jar:C:\Users\shivakrishna.ch\.m2\repository\org\apache\maven\plugins\maven-antrun-plugin\1.3\maven-antrun-plugin-1.3.jar:C:\Users\shivakrishna.ch\.m2\repository\org\apache\maven\plugins\maven-archetype-plugin\2.2\maven-archetype-plugin-2.2.jar:C:\Users\shivakrishna.ch\.m2\repository\org\apache\maven\plugins\maven-assembly-plugin\2.2-beta-5\maven-assembly-plugin-2.2-beta-5.jar:C:\Users\shivakrishna.ch\.m2\repository\org\apache\maven\plugins\maven-clean-plugin\2.5\maven-clean-plugin-2.5.jar:C:\Users\shivakrishna.ch\.m2\repository\org\apache\maven\plugins\maven-compiler-plugin\2.5.1\maven-compiler-plugin-2.5.1.jar:C:\Users\shivakrishna.ch\.m2\repository\org\apache\maven\plugins\maven-compiler-plugin\3.1\maven-compiler-plugin-3.1.jar:C:\Users\shivakrishna.ch\.m2\repository\org\apache\maven\plugins\maven-dependency-plugin\2.8\maven-dependency-plugin-2.8.jar:C:\Users\shivakrishna.ch\.m2\repository\org\apache\maven\plugins\maven-deploy-plugin\2.7\maven-deploy-plugin-2.7.jar:C:\Users\shivakrishna.ch\.m2\repository\org\apache\maven\plugins\maven-eclipse-plugin\2.9\maven-eclipse-plugin-2.9.jar:C:\Users\shivakrishna.ch\.m2\repository\org\apache\maven\plugins\maven-install-plugin\2.4\maven-install-plugin-2.4.jar:C:\Users\shivakrishna.ch\.m2\repository\org\apache\maven\plugins\maven-jar-plugin\2.4\maven-jar-plugin-2.4.jar:C:\Users\shivakrishna.ch\.m2\repository\org\apache\maven\plugins\maven-release-plugin\2.3.2\maven-release-plugin-2.3.2.jar:C:\Users\shivakrishna.ch\.m2\repository\org\apache\maven\plugins\maven-resources-plugin\2.6\maven-resources-plugin-2.6.jar:C:\Users\shivakrishna.ch\.m2\repository\org\apache\maven\plugins\maven-site-plugin\3.3\maven-site-plugin-3.3.jar:C:\Users\shivakrishna.ch\.m2\repository\org\apache\maven\plugins\maven-surefire-plugin\2.12.4\maven-surefire-plugin-2.12.4.jar:C:\Users\shivakrishna.ch\.m2\repository\org\apache\maven\reporting\maven-reporting-api\2.0.6\maven-reporting-api-2.0.6.jar:C:\Users\shivakrishna.ch\.m2\repository\org\apache\maven\reporting\maven-reporting-api\2.0.8\maven-reporting-api-2.0.8.jar:C:\Users\shivakrishna.ch\.m2\repository\org\apache\maven\reporting\maven-reporting-api\2.0.9\maven-reporting-api-2.0.9.jar:C:\Users\shivakrishna.ch\.m2\repository\org\apache\maven\shared\maven-common-artifact-filters\1.3\maven-common-artifact-filters-1.3.jar:C:\Users\shivakrishna.ch\.m2\repository\org\apache\maven\shared\maven-filtering\1.1\maven-filtering-1.1.jar:C:\Users\shivakrishna.ch\.m2\repository\org\apache\maven\shared\maven-invoker\2.0.11\maven-invoker-2.0.11.jar:C:\Users\shivakrishna.ch\.m2\repository\org\apache\maven\shared\maven-osgi\0.2.0\maven-osgi-0.2.0.jar:C:\Users\shivakrishna.ch\.m2\repository\org\apache\maven\shared\maven-script-interpreter\1.0\maven-script-interpreter-1.0.jar:C:\Users\shivakrishna.ch\.m2\repository\org\apache\maven\shared\maven-shared-incremental\1.1\maven-shared-incremental-1.1.jar:C:\Users\shivakrishna.ch\.m2\repository\org\apache\maven\shared\maven-shared-utils\0.1\maven-shared-utils-0.1.jar:C:\Users\shivakrishna.ch\.m2\repository\org\apache\maven\surefire\maven-surefire-common\2.12.4\maven-surefire-common-2.12.4.jar:C:\Users\shivakrishna.ch\.m2\repository\org\apache\maven\surefire\surefire-api\2.12.4\surefire-api-2.12.4.jar:C:\Users\shivakrishna.ch\.m2\repository\org\apache\maven\surefire\surefire-api\2.17\surefire-api-2.17.jar:C:\Users\shivakrishna.ch\.m2\repository\org\apache\maven\surefire\surefire-booter\2.12.4\surefire-booter-2.12.4.jar:C:\Users\shivakrishna.ch\.m2\repository\org\apache\maven\surefire\surefire-grouper\2.12.4\surefire-grouper-2.12.4.jar:C:\Users\shivakrishna.ch\.m2\repository\org\apache\maven\surefire\surefire-junit3\2.12.4\surefire-junit3-2.12.4.jar:C:\Users\shivakrishna.ch\.m2\repository\org\apache\maven\surefire\surefire-junit4\2.12.4\surefire-junit4-2.12.4.jar:C:\Users\shivakrishna.ch\.m2\repository\org\apache\maven\surefire\surefire-testng-utils\2.12.4\surefire-testng-utils-2.12.4.jar:C:\Users\shivakrishna.ch\.m2\repository\org\apache\maven\surefire\surefire-testng\2.12.4\surefire-testng-2.12.4.jar:C:\Users\shivakrishna.ch\.m2\repository\org\apache\maven\wagon\wagon-provider-api\1.0-beta-2\wagon-provider-api-1.0-beta-2.jar:C:\Users\shivakrishna.ch\.m2\repository\org\apache\velocity\velocity\1.5\velocity-1.5.jar:C:\Users\shivakrishna.ch\.m2\repository\org\apache\xbean\xbean-reflect\3.4\xbean-reflect-3.4.jar:C:\Users\shivakrishna.ch\.m2\repository\org\beanshell\bsh\2.0b4\bsh-2.0b4.jar:C:\Users\shivakrishna.ch\.m2\repository\org\bouncycastle\bcpkix-jdk15on\1.48\bcpkix-jdk15on-1.48.jar:C:\Users\shivakrishna.ch\.m2\repository\org\bouncycastle\bcprov-jdk15on\1.48\bcprov-jdk15on-1.48.jar:C:\Users\shivakrishna.ch\.m2\repository\org\codehaus\groovy\groovy\1.8.3\groovy-1.8.3.jar:C:\Users\shivakrishna.ch\.m2\repository\org\codehaus\plexus\plexus-archiver\1.0-alpha-7\plexus-archiver-1.0-alpha-7.jar:C:\Users\shivakrishna.ch\.m2\repository\org\codehaus\plexus\plexus-archiver\2.1\plexus-archiver-2.1.jar:C:\Users\shivakrishna.ch\.m2\repository\org\codehaus\plexus\plexus-compiler-api\1.9.1\plexus-compiler-api-1.9.1.jar:C:\Users\shivakrishna.ch\.m2\repository\org\codehaus\plexus\plexus-compiler-api\2.2\plexus-compiler-api-2.2.jar:C:\Users\shivakrishna.ch\.m2\repository\org\codehaus\plexus\plexus-compiler-javac\1.9.1\plexus-compiler-javac-1.9.1.jar:C:\Users\shivakrishna.ch\.m2\repository\org\codehaus\plexus\plexus-compiler-javac\2.2\plexus-compiler-javac-2.2.jar:C:\Users\shivakrishna.ch\.m2\repository\org\codehaus\plexus\plexus-compiler-manager\1.9.1\plexus-compiler-manager-1.9.1.jar:C:\Users\shivakrishna.ch\.m2\repository\org\codehaus\plexus\plexus-compiler-manager\2.2\plexus-compiler-manager-2.2.jar:C:\Users\shivakrishna.ch\.m2\repository\org\codehaus\plexus\plexus-component-annotations\1.5.5\plexus-component-annotations-1.5.5.jar:C:\Users\shivakrishna.ch\.m2\repository\org\codehaus\plexus\plexus-container-default\1.0-alpha-9-stable-1\plexus-container-default-1.0-alpha-9-stable-1.jar:C:\Users\shivakrishna.ch\.m2\repository\org\codehaus\plexus\plexus-digest\1.0\plexus-digest-1.0.jar:C:\Users\shivakrishna.ch\.m2\repository\org\codehaus\plexus\plexus-interactivity-api\1.0-alpha-4\plexus-interactivity-api-1.0-alpha-4.jar:C:\Users\shivakrishna.ch\.m2\repository\org\codehaus\plexus\plexus-interactivity-api\1.0-alpha-5\plexus-interactivity-api-1.0-alpha-5.jar:C:\Users\shivakrishna.ch\.m2\repository\org\codehaus\plexus\plexus-interactivity-jline\1.0-alpha-5\plexus-interactivity-jline-1.0-alpha-5.jar:C:\Users\shivakrishna.ch\.m2\repository\org\codehaus\plexus\plexus-interpolation\1.13\plexus-interpolation-1.13.jar:C:\Users\shivakrishna.ch\.m2\repository\org\codehaus\plexus\plexus-interpolation\1.15\plexus-interpolation-1.15.jar:C:\Users\shivakrishna.ch\.m2\repository\org\codehaus\plexus\plexus-io\2.0.2\plexus-io-2.0.2.jar:C:\Users\shivakrishna.ch\.m2\repository\org\codehaus\plexus\plexus-resources\1.0-alpha-7\plexus-resources-1.0-alpha-7.jar:C:\Users\shivakrishna.ch\.m2\repository\org\codehaus\plexus\plexus-utils\1.0.4\plexus-utils-1.0.4.jar:C:\Users\shivakrishna.ch\.m2\repository\org\codehaus\plexus\plexus-utils\1.5.1\plexus-utils-1.5.1.jar:C:\Users\shivakrishna.ch\.m2\repository\org\codehaus\plexus\plexus-utils\1.5.6\plexus-utils-1.5.6.jar:C:\Users\shivakrishna.ch\.m2\repository\org\codehaus\plexus\plexus-utils\1.5.8\plexus-utils-1.5.8.jar:C:\Users\shivakrishna.ch\.m2\repository\org\codehaus\plexus\plexus-utils\2.0.5\plexus-utils-2.0.5.jar:C:\Users\shivakrishna.ch\.m2\repository\org\codehaus\plexus\plexus-utils\3.0.5\plexus-utils-3.0.5.jar:C:\Users\shivakrishna.ch\.m2\repository\org\codehaus\plexus\plexus-utils\3.0.8\plexus-utils-3.0.8.jar:C:\Users\shivakrishna.ch\.m2\repository\org\codehaus\plexus\plexus-utils\3.0\plexus-utils-3.0.jar:C:\Users\shivakrishna.ch\.m2\repository\org\codehaus\plexus\plexus-velocity\1.1.8\plexus-velocity-1.1.8.jar:C:\Users\shivakrishna.ch\.m2\repository\org\eclipse\core\resources\3.3.0-v20070604\resources-3.3.0-v20070604.jar:C:\Users\shivakrishna.ch\.m2\repository\org\eclipse\jetty\jetty-http\8.1.12.v20130726\jetty-http-8.1.12.v20130726.jar:C:\Users\shivakrishna.ch\.m2\repository\org\eclipse\jetty\jetty-http\8.1.14.v20131031\jetty-http-8.1.14.v20131031.jar:C:\Users\shivakrishna.ch\.m2\repository\org\eclipse\jetty\jetty-io\8.1.12.v20130726\jetty-io-8.1.12.v20130726.jar:C:\Users\shivakrishna.ch\.m2\repository\org\eclipse\jetty\jetty-io\8.1.14.v20131031\jetty-io-8.1.14.v20131031.jar:C:\Users\shivakrishna.ch\.m2\repository\org\eclipse\jetty\jetty-util\8.1.12.v20130726\jetty-util-8.1.12.v20130726.jar:C:\Users\shivakrishna.ch\.m2\repository\org\eclipse\jetty\jetty-util\8.1.14.v20131031\jetty-util-8.1.14.v20131031.jar:C:\Users\shivakrishna.ch\.m2\repository\org\eclipse\jetty\jetty-websocket\8.1.12.v20130726\jetty-websocket-8.1.12.v20130726.jar:C:\Users\shivakrishna.ch\.m2\repository\org\eclipse\jetty\jetty-websocket\8.1.14.v20131031\jetty-websocket-8.1.14.v20131031.jar:C:\Users\shivakrishna.ch\.m2\repository\org\hamcrest\hamcrest-core\1.3\hamcrest-core-1.3.jar:C:\Users\shivakrishna.ch\.m2\repository\org\json\json\20080701\json-20080701.jar:C:\Users\shivakrishna.ch\.m2\repository\org\mortbay\jetty\servlet-api-2.5\6.1.9\servlet-api-2.5-6.1.9.jar:C:\Users\shivakrishna.ch\.m2\repository\org\seleniumhq\selenium\jetty-repacked\7.6.1\jetty-repacked-7.6.1.jar:C:\Users\shivakrishna.ch\.m2\repository\org\seleniumhq\selenium\selenium-api\2.41.0\selenium-api-2.41.0.jar:C:\Users\shivakrishna.ch\.m2\repository\org\seleniumhq\selenium\selenium-api\2.42.2\selenium-api-2.42.2.jar:C:\Users\shivakrishna.ch\.m2\repository\org\seleniumhq\selenium\selenium-chrome-driver\2.41.0\selenium-chrome-driver-2.41.0.jar:C:\Users\shivakrishna.ch\.m2\repository\org\seleniumhq\selenium\selenium-chrome-driver\2.42.2\selenium-chrome-driver-2.42.2.jar:C:\Users\shivakrishna.ch\.m2\repository\org\seleniumhq\selenium\selenium-firefox-driver\2.41.0\selenium-firefox-driver-2.41.0.jar:C:\Users\shivakrishna.ch\.m2\repository\org\seleniumhq\selenium\selenium-firefox-driver\2.42.2\selenium-firefox-driver-2.42.2.jar:C:\Users\shivakrishna.ch\.m2\repository\org\seleniumhq\selenium\selenium-htmlunit-driver\2.41.0\selenium-htmlunit-driver-2.41.0.jar:C:\Users\shivakrishna.ch\.m2\repository\org\seleniumhq\selenium\selenium-htmlunit-driver\2.42.2\selenium-htmlunit-driver-2.42.2.jar:C:\Users\shivakrishna.ch\.m2\repository\org\seleniumhq\selenium\selenium-ie-driver\2.41.0\selenium-ie-driver-2.41.0.jar:C:\Users\shivakrishna.ch\.m2\repository\org\seleniumhq\selenium\selenium-ie-driver\2.42.2\selenium-ie-driver-2.42.2.jar:C:\Users\shivakrishna.ch\.m2\repository\org\seleniumhq\selenium\selenium-java\2.41.0\selenium-java-2.41.0.jar:C:\Users\shivakrishna.ch\.m2\repository\org\seleniumhq\selenium\selenium-java\2.42.2\selenium-java-2.42.2.jar:C:\Users\shivakrishna.ch\.m2\repository\org\seleniumhq\selenium\selenium-remote-driver\2.41.0\selenium-remote-driver-2.41.0.jar:C:\Users\shivakrishna.ch\.m2\repository\org\seleniumhq\selenium\selenium-remote-driver\2.42.2\selenium-remote-driver-2.42.2.jar:C:\Users\shivakrishna.ch\.m2\repository\org\seleniumhq\selenium\selenium-safari-driver\2.41.0\selenium-safari-driver-2.41.0.jar:C:\Users\shivakrishna.ch\.m2\repository\org\seleniumhq\selenium\selenium-safari-driver\2.42.2\selenium-safari-driver-2.42.2.jar:C:\Users\shivakrishna.ch\.m2\repository\org\seleniumhq\selenium\selenium-server\2.41.0\selenium-server-2.41.0.jar:C:\Users\shivakrishna.ch\.m2\repository\org\seleniumhq\selenium\selenium-server\2.42.2\selenium-server-2.42.2.jar:C:\Users\shivakrishna.ch\.m2\repository\org\seleniumhq\selenium\selenium-support\2.41.0\selenium-support-2.41.0.jar:C:\Users\shivakrishna.ch\.m2\repository\org\seleniumhq\selenium\selenium-support\2.42.2\selenium-support-2.42.2.jar:C:\Users\shivakrishna.ch\.m2\repository\org\sonatype\plexus\plexus-build-api\0.0.4\plexus-build-api-0.0.4.jar:C:\Users\shivakrishna.ch\.m2\repository\org\testng\testng\6.8.8\testng-6.8.8.jar:C:\Users\shivakrishna.ch\.m2\repository\org\w3c\css\sac\1.3\sac-1.3.jar:C:\Users\shivakrishna.ch\.m2\repository\org\webbitserver\webbit\0.4.14\webbit-0.4.14.jar:C:\Users\shivakrishna.ch\.m2\repository\org\yaml\snakeyaml\1.8\snakeyaml-1.8.jar:C:\Users\shivakrishna.ch\.m2\repository\oro\oro\2.0.8\oro-2.0.8.jar:C:\Users\shivakrishna.ch\.m2\repository\xalan\serializer\2.7.1\serializer-2.7.1.jar:C:\Users\shivakrishna.ch\.m2\repository\xalan\xalan\2.7.1\xalan-2.7.1.jar:C:\Users\shivakrishna.ch\.m2\repository\xerces\xercesImpl\2.11.0\xercesImpl-2.11.0.jar:C:\Users\shivakrishna.ch\.m2\repository\xml-apis\xml-apis\1.0.b2\xml-apis-1.0.b2.jar:C:\Users\shivakrishna.ch\.m2\repository\xml-apis\xml-apis\1.4.01\xml-apis-1.4.01.jar" />
    <property name="user.name" value="shivakrishna.ch" />
    <property name="user.language" value="en" />
    <property name="sun.boot.library.path" value="C:\Program Files\Java\jdk1.7.0_67\jre\bin" />
    <property name="ant.project.default-target" value="usage" />
    <property name="ant.project.name" value="AntProject" />
    <property name="DSTAMP" value="20140909" />
    <property name="java.version" value="1.7.0_67" />
    <property name="env.PROCESSOR_IDENTIFIER" value="x86 Family 6 Model 23 Stepping 6, GenuineIntel" />
    <property name="user.timezone" value="" />
    <property name="env.TEMP" value="C:\Users\SHIVAK~1.CH\AppData\Local\Temp" />
    <property name="sun.arch.data.model" value="32" />
    <property name="java.endorsed.dirs" value="C:\Program Files\Java\jdk1.7.0_67\jre\lib\endorsed" />
    <property name="env._JAVACMD" value="C:\Program Files\Java\jdk1.7.0_67\bin\java.exe" />
    <property name="sun.cpu.isalist" value="pentium_pro+mmx pentium_pro pentium+mmx pentium i486 i386 i86" />
    <property name="env.HOMEDRIVE" value="C:" />
    <property name="sun.jnu.encoding" value="Cp1252" />
    <property name="file.encoding.pkg" value="sun.io" />
    <property name="file.separator" value="\" />
    <property name="java.specification.name" value="Java Platform API Specification" />
    <property name="java.class.version" value="51.0" />
    <property name="user.country" value="US" />
    <property name="java.home" value="C:\Program Files\Java\jdk1.7.0_67\jre" />
    <property name="env.PSModulePath" value="C:\Windows\system32\WindowsPowerShell\v1.0\Modules\" />
    <property name="env.ANDROID_HOME" value="C:\Users\shivakrishna.ch\AppData\Local\Android\android-sdk" />
    <property name="env.APPDATA" value="C:\Users\shivakrishna.ch\AppData\Roaming" />
    <property name="env.PUBLIC" value="C:\Users\Public" />
    <property name="java.vm.info" value="mixed mode, sharing" />
    <property name="env.ComSpec" value="C:\Windows\system32\cmd.exe" />
    <property name="env.OS" value="Windows_NT" />
    <property name="env.CommonProgramFiles" value="C:\Program Files\Common Files" />
    <property name="ant.file" value="C:\Users\shivakrishna.ch\MavenJenkinsProject\build.xml" />
    <property name="os.version" value="6.1" />
    <property name="env._USE_CLASSPATH" value="yes" />
    <property name="env.=::" value="::\" />
    <property name="path.separator" value=";" />
    <property name="java.vm.version" value="24.65-b04" />
    <property name="user.variant" value="" />
    <property name="env.USERPROFILE" value="C:\Users\shivakrishna.ch" />
    <property name="ant.library.dir" value="D:\ant\apache-ant-1.9.4\lib" />
    <property name="env.JAVA_HOME" value="C:\Program Files\Java\jdk1.7.0_67" />
    <property name="java.awt.printerjob" value="sun.awt.windows.WPrinterJob" />
    <property name="env.TMP" value="C:\Users\SHIVAK~1.CH\AppData\Local\Temp" />
    <property name="sun.io.unicode.encoding" value="UnicodeLittle" />
    <property name="awt.toolkit" value="sun.awt.windows.WToolkit" />
    <property name="user.script" value="" />
    <property name="user.home" value="C:\Users\shivakrishna.ch" />
    <property name="test.dest" value="C:\Users\shivakrishna.ch\MavenJenkinsProject/build" />
    <property name="env.ProgramData" value="C:\ProgramData" />
    <property name="env.SESSIONNAME" value="Console" />
    <property name="java.specification.vendor" value="Oracle Corporation" />
    <property name="env.CLASSPATH" value="D:\ant\apache-ant-1.9.4\lib;" />
    <property name="env.M2_HOME" value="D:\Selenium files\apache-maven-3.2.3" />
    <property name="java.vendor.url" value="http://java.oracle.com/" />
    <property name="java.library.path" value="C:\Program Files\Java\jdk1.7.0_67\jre\bin;C:\Windows\Sun\Java\bin;C:\Windows\system32;C:\Windows;C:\Windows;C:\Windows\system32\;D:\ant\apache-ant-1.9.4\bin;C:\Program Files\Java\jdk1.7.0_67\bin;D:\Selenium files\apache-maven-3.2.3\bin;$ANDROID_HOME/tools;$ANDROID_HOME/platform-tools;C:\RailsInstaller\Git\cmd;C:\RailsInstaller\Ruby1.9.3\bin;." />
    <property name="env.NUMBER_OF_PROCESSORS" value="2" />
    <property name="env.USERDNSDOMAIN" value="NEXIILABS.NET" />
    <property name="java.vm.vendor" value="Oracle Corporation" />
    <property name="java.runtime.name" value="Java(TM) SE Runtime Environment" />
    <property name="ant.version" value="Apache Ant(TM) version 1.9.4 compiled on April 29 2014" />
    <property name="java.class.path" value="C:\Users\shivakrishna.ch\MavenJenkinsProject\build;C:\Users\shivakrishna.ch\.m2\repository\antlr\antlr\2.7.7\antlr-2.7.7.jar;C:\Users\shivakrishna.ch\.m2\repository\asm\asm-analysis\3.2\asm-analysis-3.2.jar;C:\Users\shivakrishna.ch\.m2\repository\asm\asm-commons\3.2\asm-commons-3.2.jar;C:\Users\shivakrishna.ch\.m2\repository\asm\asm-tree\3.2\asm-tree-3.2.jar;C:\Users\shivakrishna.ch\.m2\repository\asm\asm-util\3.2\asm-util-3.2.jar;C:\Users\shivakrishna.ch\.m2\repository\asm\asm\3.2\asm-3.2.jar;C:\Users\shivakrishna.ch\.m2\repository\biz\aQute\bndlib\0.0.145\bndlib-0.0.145.jar;C:\Users\shivakrishna.ch\.m2\repository\cglib\cglib-nodep\2.1_3\cglib-nodep-2.1_3.jar;C:\Users\shivakrishna.ch\.m2\repository\classworlds\classworlds\1.1\classworlds-1.1.jar;C:\Users\shivakrishna.ch\.m2\repository\com\beust\jcommander\1.27\jcommander-1.27.jar;C:\Users\shivakrishna.ch\.m2\repository\com\google\code\findbugs\jsr305\2.0.1\jsr305-2.0.1.jar;C:\Users\shivakrishna.ch\.m2\repository\com\google\collections\google-collections\1.0\google-collections-1.0.jar;C:\Users\shivakrishna.ch\.m2\repository\com\google\guava\guava\15.0\guava-15.0.jar;C:\Users\shivakrishna.ch\.m2\repository\com\nexii\testing\NexiiMaven\1.0-SNAPSHOT\NexiiMaven-1.0-SNAPSHOT.jar;C:\Users\shivakrishna.ch\.m2\repository\commons-cli\commons-cli\1.0\commons-cli-1.0.jar;C:\Users\shivakrishna.ch\.m2\repository\commons-codec\commons-codec\1.8\commons-codec-1.8.jar;C:\Users\shivakrishna.ch\.m2\repository\commons-codec\commons-codec\1.9\commons-codec-1.9.jar;C:\Users\shivakrishna.ch\.m2\repository\commons-collections\commons-collections\3.2.1\commons-collections-3.2.1.jar;C:\Users\shivakrishna.ch\.m2\repository\commons-io\commons-io\1.4\commons-io-1.4.jar;C:\Users\shivakrishna.ch\.m2\repository\commons-io\commons-io\2.2\commons-io-2.2.jar;C:\Users\shivakrishna.ch\.m2\repository\commons-io\commons-io\2.4\commons-io-2.4.jar;C:\Users\shivakrishna.ch\.m2\repository\commons-lang\commons-lang\2.1\commons-lang-2.1.jar;C:\Users\shivakrishna.ch\.m2\repository\commons-logging\commons-logging-api\1.1\commons-logging-api-1.1.jar;C:\Users\shivakrishna.ch\.m2\repository\commons-logging\commons-logging\1.1.3\commons-logging-1.1.3.jar;C:\Users\shivakrishna.ch\.m2\repository\dom4j\dom4j\1.6.1\dom4j-1.6.1.jar;C:\Users\shivakrishna.ch\.m2\repository\io\netty\netty\3.5.2.Final\netty-3.5.2.Final.jar;C:\Users\shivakrishna.ch\.m2\repository\jdom\jdom\1.0\jdom-1.0.jar;C:\Users\shivakrishna.ch\.m2\repository\jline\jline\0.9.1\jline-0.9.1.jar;C:\Users\shivakrishna.ch\.m2\repository\junit\junit\3.8.1\junit-3.8.1.jar;C:\Users\shivakrishna.ch\.m2\repository\junit\junit\3.8.2\junit-3.8.2.jar;C:\Users\shivakrishna.ch\.m2\repository\junit\junit\4.11\junit-4.11.jar;C:\Users\shivakrishna.ch\.m2\repository\log4j\log4j\1.2.12\log4j-1.2.12.jar;C:\Users\shivakrishna.ch\.m2\repository\log4j\log4j\1.2.14\log4j-1.2.14.jar;C:\Users\shivakrishna.ch\.m2\repository\mx4j\mx4j-tools\3.0.1\mx4j-tools-3.0.1.jar;C:\Users\shivakrishna.ch\.m2\repository\net\java\dev\jna\jna\3.4.0\jna-3.4.0.jar;C:\Users\shivakrishna.ch\.m2\repository\net\java\dev\jna\platform\3.4.0\platform-3.4.0.jar;C:\Users\shivakrishna.ch\.m2\repository\net\jcip\jcip-annotations\1.0\jcip-annotations-1.0.jar;C:\Users\shivakrishna.ch\.m2\repository\net\sourceforge\cssparser\cssparser\0.9.11\cssparser-0.9.11.jar;C:\Users\shivakrishna.ch\.m2\repository\net\sourceforge\cssparser\cssparser\0.9.13\cssparser-0.9.13.jar;C:\Users\shivakrishna.ch\.m2\repository\net\sourceforge\htmlunit\htmlunit-core-js\2.13\htmlunit-core-js-2.13.jar;C:\Users\shivakrishna.ch\.m2\repository\net\sourceforge\htmlunit\htmlunit-core-js\2.14\htmlunit-core-js-2.14.jar;C:\Users\shivakrishna.ch\.m2\repository\net\sourceforge\htmlunit\htmlunit\2.13\htmlunit-2.13.jar;C:\Users\shivakrishna.ch\.m2\repository\net\sourceforge\htmlunit\htmlunit\2.14\htmlunit-2.14.jar;C:\Users\shivakrishna.ch\.m2\repository\net\sourceforge\jchardet\jchardet\1.0\jchardet-1.0.jar;C:\Users\shivakrishna.ch\.m2\repository\net\sourceforge\jexcelapi\jxl\2.6.12\jxl-2.6.12.jar;C:\Users\shivakrishna.ch\.m2\repository\net\sourceforge\nekohtml\nekohtml\1.9.19\nekohtml-1.9.19.jar;C:\Users\shivakrishna.ch\.m2\repository\net\sourceforge\nekohtml\nekohtml\1.9.20\nekohtml-1.9.20.jar;C:\Users\shivakrishna.ch\.m2\repository\org\apache\ant\ant\1.8.1\ant-1.8.1.jar;C:\Users\shivakrishna.ch\.m2\repository\org\apache\commons\commons-exec\1.1\commons-exec-1.1.jar;C:\Users\shivakrishna.ch\.m2\repository\org\apache\commons\commons-lang3\3.1\commons-lang3-3.1.jar;C:\Users\shivakrishna.ch\.m2\repository\org\apache\commons\commons-lang3\3.2.1\commons-lang3-3.2.1.jar;C:\Users\shivakrishna.ch\.m2\repository\org\apache\httpcomponents\httpclient\4.3.1\httpclient-4.3.1.jar;C:\Users\shivakrishna.ch\.m2\repository\org\apache\httpcomponents\httpclient\4.3.2\httpclient-4.3.2.jar;C:\Users\shivakrishna.ch\.m2\repository\org\apache\httpcomponents\httpcore\4.3.1\httpcore-4.3.1.jar;C:\Users\shivakrishna.ch\.m2\repository\org\apache\httpcomponents\httpcore\4.3\httpcore-4.3.jar;C:\Users\shivakrishna.ch\.m2\repository\org\apache\httpcomponents\httpmime\4.3.1\httpmime-4.3.1.jar;C:\Users\shivakrishna.ch\.m2\repository\org\apache\httpcomponents\httpmime\4.3.2\httpmime-4.3.2.jar;C:\Users\shivakrishna.ch\.m2\repository\org\apache\maven\archetype\archetype-catalog\2.2\archetype-catalog-2.2.jar;C:\Users\shivakrishna.ch\.m2\repository\org\apache\maven\archetype\archetype-common\2.2\archetype-common-2.2.jar;C:\Users\shivakrishna.ch\.m2\repository\org\apache\maven\archetype\archetype-descriptor\2.2\archetype-descriptor-2.2.jar;C:\Users\shivakrishna.ch\.m2\repository\org\apache\maven\archetype\archetype-registry\2.2\archetype-registry-2.2.jar;C:\Users\shivakrishna.ch\.m2\repository\org\apache\maven\archetypes\maven-archetype-quickstart\1.0\maven-archetype-quickstart-1.0.jar;C:\Users\shivakrishna.ch\.m2\repository\org\apache\maven\archetypes\maven-archetype-quickstart\1.1\maven-archetype-quickstart-1.1.jar;C:\Users\shivakrishna.ch\.m2\repository\org\apache\maven\doxia\doxia-sink-api\1.0-alpha-7\doxia-sink-api-1.0-alpha-7.jar;C:\Users\shivakrishna.ch\.m2\repository\org\apache\maven\doxia\doxia-sink-api\1.0-alpha-9\doxia-sink-api-1.0-alpha-9.jar;C:\Users\shivakrishna.ch\.m2\repository\org\apache\maven\maven-archiver\2.2\maven-archiver-2.2.jar;C:\Users\shivakrishna.ch\.m2\repository\org\apache\maven\maven-archiver\2.5\maven-archiver-2.5.jar;C:\Users\shivakrishna.ch\.m2\repository\org\apache\maven\maven-artifact-manager\2.0.9\maven-artifact-manager-2.0.9.jar;C:\Users\shivakrishna.ch\.m2\repository\org\apache\maven\maven-artifact\2.0\maven-artifact-2.0.jar;C:\Users\shivakrishna.ch\.m2\repository\org\apache\maven\maven-core\2.0.9\maven-core-2.0.9.jar;C:\Users\shivakrishna.ch\.m2\repository\org\apache\maven\maven-error-diagnostics\2.0.9\maven-error-diagnostics-2.0.9.jar;C:\Users\shivakrishna.ch\.m2\repository\org\apache\maven\maven-model\2.0.9\maven-model-2.0.9.jar;C:\Users\shivakrishna.ch\.m2\repository\org\apache\maven\maven-monitor\2.0.9\maven-monitor-2.0.9.jar;C:\Users\shivakrishna.ch\.m2\repository\org\apache\maven\maven-plugin-api\2.0.9\maven-plugin-api-2.0.9.jar;C:\Users\shivakrishna.ch\.m2\repository\org\apache\maven\maven-plugin-descriptor\2.0.9\maven-plugin-descriptor-2.0.9.jar;C:\Users\shivakrishna.ch\.m2\repository\org\apache\maven\maven-plugin-parameter-documenter\2.0.9\maven-plugin-parameter-documenter-2.0.9.jar;C:\Users\shivakrishna.ch\.m2\repository\org\apache\maven\maven-plugin-registry\2.0.9\maven-plugin-registry-2.0.9.jar;C:\Users\shivakrishna.ch\.m2\repository\org\apache\maven\maven-profile\2.0.9\maven-profile-2.0.9.jar;C:\Users\shivakrishna.ch\.m2\repository\org\apache\maven\maven-project\2.0.9\maven-project-2.0.9.jar;C:\Users\shivakrishna.ch\.m2\repository\org\apache\maven\maven-repository-metadata\2.0.9\maven-repository-metadata-2.0.9.jar;C:\Users\shivakrishna.ch\.m2\repository\org\apache\maven\maven-settings\2.0.9\maven-settings-2.0.9.jar;C:\Users\shivakrishna.ch\.m2\repository\org\apache\maven\maven-toolchain\2.0.9\maven-toolchain-2.0.9.jar;C:\Users\shivakrishna.ch\.m2\repository\org\apache\maven\plugin-tools\maven-plugin-annotations\3.1\maven-plugin-annotations-3.1.jar;C:\Users\shivakrishna.ch\.m2\repository\org\apache\maven\plugins\maven-antrun-plugin\1.3\maven-antrun-plugin-1.3.jar;C:\Users\shivakrishna.ch\.m2\repository\org\apache\maven\plugins\maven-archetype-plugin\2.2\maven-archetype-plugin-2.2.jar;C:\Users\shivakrishna.ch\.m2\repository\org\apache\maven\plugins\maven-assembly-plugin\2.2-beta-5\maven-assembly-plugin-2.2-beta-5.jar;C:\Users\shivakrishna.ch\.m2\repository\org\apache\maven\plugins\maven-clean-plugin\2.5\maven-clean-plugin-2.5.jar;C:\Users\shivakrishna.ch\.m2\repository\org\apache\maven\plugins\maven-compiler-plugin\2.5.1\maven-compiler-plugin-2.5.1.jar;C:\Users\shivakrishna.ch\.m2\repository\org\apache\maven\plugins\maven-compiler-plugin\3.1\maven-compiler-plugin-3.1.jar;C:\Users\shivakrishna.ch\.m2\repository\org\apache\maven\plugins\maven-dependency-plugin\2.8\maven-dependency-plugin-2.8.jar;C:\Users\shivakrishna.ch\.m2\repository\org\apache\maven\plugins\maven-deploy-plugin\2.7\maven-deploy-plugin-2.7.jar;C:\Users\shivakrishna.ch\.m2\repository\org\apache\maven\plugins\maven-eclipse-plugin\2.9\maven-eclipse-plugin-2.9.jar;C:\Users\shivakrishna.ch\.m2\repository\org\apache\maven\plugins\maven-install-plugin\2.4\maven-install-plugin-2.4.jar;C:\Users\shivakrishna.ch\.m2\repository\org\apache\maven\plugins\maven-jar-plugin\2.4\maven-jar-plugin-2.4.jar;C:\Users\shivakrishna.ch\.m2\repository\org\apache\maven\plugins\maven-release-plugin\2.3.2\maven-release-plugin-2.3.2.jar;C:\Users\shivakrishna.ch\.m2\repository\org\apache\maven\plugins\maven-resources-plugin\2.6\maven-resources-plugin-2.6.jar;C:\Users\shivakrishna.ch\.m2\repository\org\apache\maven\plugins\maven-site-plugin\3.3\maven-site-plugin-3.3.jar;C:\Users\shivakrishna.ch\.m2\repository\org\apache\maven\plugins\maven-surefire-plugin\2.12.4\maven-surefire-plugin-2.12.4.jar;C:\Users\shivakrishna.ch\.m2\repository\org\apache\maven\reporting\maven-reporting-api\2.0.6\maven-reporting-api-2.0.6.jar;C:\Users\shivakrishna.ch\.m2\repository\org\apache\maven\reporting\maven-reporting-api\2.0.8\maven-reporting-api-2.0.8.jar;C:\Users\shivakrishna.ch\.m2\repository\org\apache\maven\reporting\maven-reporting-api\2.0.9\maven-reporting-api-2.0.9.jar;C:\Users\shivakrishna.ch\.m2\repository\org\apache\maven\shared\maven-common-artifact-filters\1.3\maven-common-artifact-filters-1.3.jar;C:\Users\shivakrishna.ch\.m2\repository\org\apache\maven\shared\maven-filtering\1.1\maven-filtering-1.1.jar;C:\Users\shivakrishna.ch\.m2\repository\org\apache\maven\shared\maven-invoker\2.0.11\maven-invoker-2.0.11.jar;C:\Users\shivakrishna.ch\.m2\repository\org\apache\maven\shared\maven-osgi\0.2.0\maven-osgi-0.2.0.jar;C:\Users\shivakrishna.ch\.m2\repository\org\apache\maven\shared\maven-script-interpreter\1.0\maven-script-interpreter-1.0.jar;C:\Users\shivakrishna.ch\.m2\repository\org\apache\maven\shared\maven-shared-incremental\1.1\maven-shared-incremental-1.1.jar;C:\Users\shivakrishna.ch\.m2\repository\org\apache\maven\shared\maven-shared-utils\0.1\maven-shared-utils-0.1.jar;C:\Users\shivakrishna.ch\.m2\repository\org\apache\maven\surefire\maven-surefire-common\2.12.4\maven-surefire-common-2.12.4.jar;C:\Users\shivakrishna.ch\.m2\repository\org\apache\maven\surefire\surefire-api\2.12.4\surefire-api-2.12.4.jar;C:\Users\shivakrishna.ch\.m2\repository\org\apache\maven\surefire\surefire-api\2.17\surefire-api-2.17.jar;C:\Users\shivakrishna.ch\.m2\repository\org\apache\maven\surefire\surefire-booter\2.12.4\surefire-booter-2.12.4.jar;C:\Users\shivakrishna.ch\.m2\repository\org\apache\maven\surefire\surefire-grouper\2.12.4\surefire-grouper-2.12.4.jar;C:\Users\shivakrishna.ch\.m2\repository\org\apache\maven\surefire\surefire-junit3\2.12.4\surefire-junit3-2.12.4.jar;C:\Users\shivakrishna.ch\.m2\repository\org\apache\maven\surefire\surefire-junit4\2.12.4\surefire-junit4-2.12.4.jar;C:\Users\shivakrishna.ch\.m2\repository\org\apache\maven\surefire\surefire-testng-utils\2.12.4\surefire-testng-utils-2.12.4.jar;C:\Users\shivakrishna.ch\.m2\repository\org\apache\maven\surefire\surefire-testng\2.12.4\surefire-testng-2.12.4.jar;C:\Users\shivakrishna.ch\.m2\repository\org\apache\maven\wagon\wagon-provider-api\1.0-beta-2\wagon-provider-api-1.0-beta-2.jar;C:\Users\shivakrishna.ch\.m2\repository\org\apache\velocity\velocity\1.5\velocity-1.5.jar;C:\Users\shivakrishna.ch\.m2\repository\org\apache\xbean\xbean-reflect\3.4\xbean-reflect-3.4.jar;C:\Users\shivakrishna.ch\.m2\repository\org\beanshell\bsh\2.0b4\bsh-2.0b4.jar;C:\Users\shivakrishna.ch\.m2\repository\org\bouncycastle\bcpkix-jdk15on\1.48\bcpkix-jdk15on-1.48.jar;C:\Users\shivakrishna.ch\.m2\repository\org\bouncycastle\bcprov-jdk15on\1.48\bcprov-jdk15on-1.48.jar;C:\Users\shivakrishna.ch\.m2\repository\org\codehaus\groovy\groovy\1.8.3\groovy-1.8.3.jar;C:\Users\shivakrishna.ch\.m2\repository\org\codehaus\plexus\plexus-archiver\1.0-alpha-7\plexus-archiver-1.0-alpha-7.jar;C:\Users\shivakrishna.ch\.m2\repository\org\codehaus\plexus\plexus-archiver\2.1\plexus-archiver-2.1.jar;C:\Users\shivakrishna.ch\.m2\repository\org\codehaus\plexus\plexus-compiler-api\1.9.1\plexus-compiler-api-1.9.1.jar;C:\Users\shivakrishna.ch\.m2\repository\org\codehaus\plexus\plexus-compiler-api\2.2\plexus-compiler-api-2.2.jar;C:\Users\shivakrishna.ch\.m2\repository\org\codehaus\plexus\plexus-compiler-javac\1.9.1\plexus-compiler-javac-1.9.1.jar;C:\Users\shivakrishna.ch\.m2\repository\org\codehaus\plexus\plexus-compiler-javac\2.2\plexus-compiler-javac-2.2.jar;C:\Users\shivakrishna.ch\.m2\repository\org\codehaus\plexus\plexus-compiler-manager\1.9.1\plexus-compiler-manager-1.9.1.jar;C:\Users\shivakrishna.ch\.m2\repository\org\codehaus\plexus\plexus-compiler-manager\2.2\plexus-compiler-manager-2.2.jar;C:\Users\shivakrishna.ch\.m2\repository\org\codehaus\plexus\plexus-component-annotations\1.5.5\plexus-component-annotations-1.5.5.jar;C:\Users\shivakrishna.ch\.m2\repository\org\codehaus\plexus\plexus-container-default\1.0-alpha-9-stable-1\plexus-container-default-1.0-alpha-9-stable-1.jar;C:\Users\shivakrishna.ch\.m2\repository\org\codehaus\plexus\plexus-digest\1.0\plexus-digest-1.0.jar;C:\Users\shivakrishna.ch\.m2\repository\org\codehaus\plexus\plexus-interactivity-api\1.0-alpha-4\plexus-interactivity-api-1.0-alpha-4.jar;C:\Users\shivakrishna.ch\.m2\repository\org\codehaus\plexus\plexus-interactivity-api\1.0-alpha-5\plexus-interactivity-api-1.0-alpha-5.jar;C:\Users\shivakrishna.ch\.m2\repository\org\codehaus\plexus\plexus-interactivity-jline\1.0-alpha-5\plexus-interactivity-jline-1.0-alpha-5.jar;C:\Users\shivakrishna.ch\.m2\repository\org\codehaus\plexus\plexus-interpolation\1.13\plexus-interpolation-1.13.jar;C:\Users\shivakrishna.ch\.m2\repository\org\codehaus\plexus\plexus-interpolation\1.15\plexus-interpolation-1.15.jar;C:\Users\shivakrishna.ch\.m2\repository\org\codehaus\plexus\plexus-io\2.0.2\plexus-io-2.0.2.jar;C:\Users\shivakrishna.ch\.m2\repository\org\codehaus\plexus\plexus-resources\1.0-alpha-7\plexus-resources-1.0-alpha-7.jar;C:\Users\shivakrishna.ch\.m2\repository\org\codehaus\plexus\plexus-utils\1.0.4\plexus-utils-1.0.4.jar;C:\Users\shivakrishna.ch\.m2\repository\org\codehaus\plexus\plexus-utils\1.5.1\plexus-utils-1.5.1.jar;C:\Users\shivakrishna.ch\.m2\repository\org\codehaus\plexus\plexus-utils\1.5.6\plexus-utils-1.5.6.jar;C:\Users\shivakrishna.ch\.m2\repository\org\codehaus\plexus\plexus-utils\1.5.8\plexus-utils-1.5.8.jar;C:\Users\shivakrishna.ch\.m2\repository\org\codehaus\plexus\plexus-utils\2.0.5\plexus-utils-2.0.5.jar;C:\Users\shivakrishna.ch\.m2\repository\org\codehaus\plexus\plexus-utils\3.0.5\plexus-utils-3.0.5.jar;C:\Users\shivakrishna.ch\.m2\repository\org\codehaus\plexus\plexus-utils\3.0.8\plexus-utils-3.0.8.jar;C:\Users\shivakrishna.ch\.m2\repository\org\codehaus\plexus\plexus-utils\3.0\plexus-utils-3.0.jar;C:\Users\shivakrishna.ch\.m2\repository\org\codehaus\plexus\plexus-velocity\1.1.8\plexus-velocity-1.1.8.jar;C:\Users\shivakrishna.ch\.m2\repository\org\eclipse\core\resources\3.3.0-v20070604\resources-3.3.0-v20070604.jar;C:\Users\shivakrishna.ch\.m2\repository\org\eclipse\jetty\jetty-http\8.1.12.v20130726\jetty-http-8.1.12.v20130726.jar;C:\Users\shivakrishna.ch\.m2\repository\org\eclipse\jetty\jetty-http\8.1.14.v20131031\jetty-http-8.1.14.v20131031.jar;C:\Users\shivakrishna.ch\.m2\repository\org\eclipse\jetty\jetty-io\8.1.12.v20130726\jetty-io-8.1.12.v20130726.jar;C:\Users\shivakrishna.ch\.m2\repository\org\eclipse\jetty\jetty-io\8.1.14.v20131031\jetty-io-8.1.14.v20131031.jar;C:\Users\shivakrishna.ch\.m2\repository\org\eclipse\jetty\jetty-util\8.1.12.v20130726\jetty-util-8.1.12.v20130726.jar;C:\Users\shivakrishna.ch\.m2\repository\org\eclipse\jetty\jetty-util\8.1.14.v20131031\jetty-util-8.1.14.v20131031.jar;C:\Users\shivakrishna.ch\.m2\repository\org\eclipse\jetty\jetty-websocket\8.1.12.v20130726\jetty-websocket-8.1.12.v20130726.jar;C:\Users\shivakrishna.ch\.m2\repository\org\eclipse\jetty\jetty-websocket\8.1.14.v20131031\jetty-websocket-8.1.14.v20131031.jar;C:\Users\shivakrishna.ch\.m2\repository\org\hamcrest\hamcrest-core\1.3\hamcrest-core-1.3.jar;C:\Users\shivakrishna.ch\.m2\repository\org\json\json\20080701\json-20080701.jar;C:\Users\shivakrishna.ch\.m2\repository\org\mortbay\jetty\servlet-api-2.5\6.1.9\servlet-api-2.5-6.1.9.jar;C:\Users\shivakrishna.ch\.m2\repository\org\seleniumhq\selenium\jetty-repacked\7.6.1\jetty-repacked-7.6.1.jar;C:\Users\shivakrishna.ch\.m2\repository\org\seleniumhq\selenium\selenium-api\2.41.0\selenium-api-2.41.0.jar;C:\Users\shivakrishna.ch\.m2\repository\org\seleniumhq\selenium\selenium-api\2.42.2\selenium-api-2.42.2.jar;C:\Users\shivakrishna.ch\.m2\repository\org\seleniumhq\selenium\selenium-chrome-driver\2.41.0\selenium-chrome-driver-2.41.0.jar;C:\Users\shivakrishna.ch\.m2\repository\org\seleniumhq\selenium\selenium-chrome-driver\2.42.2\selenium-chrome-driver-2.42.2.jar;C:\Users\shivakrishna.ch\.m2\repository\org\seleniumhq\selenium\selenium-firefox-driver\2.41.0\selenium-firefox-driver-2.41.0.jar;C:\Users\shivakrishna.ch\.m2\repository\org\seleniumhq\selenium\selenium-firefox-driver\2.42.2\selenium-firefox-driver-2.42.2.jar;C:\Users\shivakrishna.ch\.m2\repository\org\seleniumhq\selenium\selenium-htmlunit-driver\2.41.0\selenium-htmlunit-driver-2.41.0.jar;C:\Users\shivakrishna.ch\.m2\repository\org\seleniumhq\selenium\selenium-htmlunit-driver\2.42.2\selenium-htmlunit-driver-2.42.2.jar;C:\Users\shivakrishna.ch\.m2\repository\org\seleniumhq\selenium\selenium-ie-driver\2.41.0\selenium-ie-driver-2.41.0.jar;C:\Users\shivakrishna.ch\.m2\repository\org\seleniumhq\selenium\selenium-ie-driver\2.42.2\selenium-ie-driver-2.42.2.jar;C:\Users\shivakrishna.ch\.m2\repository\org\seleniumhq\selenium\selenium-java\2.41.0\selenium-java-2.41.0.jar;C:\Users\shivakrishna.ch\.m2\repository\org\seleniumhq\selenium\selenium-java\2.42.2\selenium-java-2.42.2.jar;C:\Users\shivakrishna.ch\.m2\repository\org\seleniumhq\selenium\selenium-remote-driver\2.41.0\selenium-remote-driver-2.41.0.jar;C:\Users\shivakrishna.ch\.m2\repository\org\seleniumhq\selenium\selenium-remote-driver\2.42.2\selenium-remote-driver-2.42.2.jar;C:\Users\shivakrishna.ch\.m2\repository\org\seleniumhq\selenium\selenium-safari-driver\2.41.0\selenium-safari-driver-2.41.0.jar;C:\Users\shivakrishna.ch\.m2\repository\org\seleniumhq\selenium\selenium-safari-driver\2.42.2\selenium-safari-driver-2.42.2.jar;C:\Users\shivakrishna.ch\.m2\repository\org\seleniumhq\selenium\selenium-server\2.41.0\selenium-server-2.41.0.jar;C:\Users\shivakrishna.ch\.m2\repository\org\seleniumhq\selenium\selenium-server\2.42.2\selenium-server-2.42.2.jar;C:\Users\shivakrishna.ch\.m2\repository\org\seleniumhq\selenium\selenium-support\2.41.0\selenium-support-2.41.0.jar;C:\Users\shivakrishna.ch\.m2\repository\org\seleniumhq\selenium\selenium-support\2.42.2\selenium-support-2.42.2.jar;C:\Users\shivakrishna.ch\.m2\repository\org\sonatype\plexus\plexus-build-api\0.0.4\plexus-build-api-0.0.4.jar;C:\Users\shivakrishna.ch\.m2\repository\org\testng\testng\6.8.8\testng-6.8.8.jar;C:\Users\shivakrishna.ch\.m2\repository\org\w3c\css\sac\1.3\sac-1.3.jar;C:\Users\shivakrishna.ch\.m2\repository\org\webbitserver\webbit\0.4.14\webbit-0.4.14.jar;C:\Users\shivakrishna.ch\.m2\repository\org\yaml\snakeyaml\1.8\snakeyaml-1.8.jar;C:\Users\shivakrishna.ch\.m2\repository\oro\oro\2.0.8\oro-2.0.8.jar;C:\Users\shivakrishna.ch\.m2\repository\xalan\serializer\2.7.1\serializer-2.7.1.jar;C:\Users\shivakrishna.ch\.m2\repository\xalan\xalan\2.7.1\xalan-2.7.1.jar;C:\Users\shivakrishna.ch\.m2\repository\xerces\xercesImpl\2.11.0\xercesImpl-2.11.0.jar;C:\Users\shivakrishna.ch\.m2\repository\xml-apis\xml-apis\1.0.b2\xml-apis-1.0.b2.jar;C:\Users\shivakrishna.ch\.m2\repository\xml-apis\xml-apis\1.4.01\xml-apis-1.4.01.jar;D:\ant\apache-ant-1.9.4\lib;D:\ant\apache-ant-1.9.4\lib\junit-4.11.jar;D:\ant\apache-ant-1.9.4\lib\ant-launcher.jar;D:\ant\apache-ant-1.9.4\lib\ant.jar;D:\ant\apache-ant-1.9.4\lib\ant-junit.jar;D:\ant\apache-ant-1.9.4\lib\ant-junit4.jar" />
    <property name="sun.java.command" value="org.apache.tools.ant.taskdefs.optional.junit.JUnitTestRunner testUtils.helper skipNonTests=false filtertrace=true haltOnError=false haltOnFailure=false formatter=org.apache.tools.ant.taskdefs.optional.junit.SummaryJUnitResultFormatter showoutput=false outputtoformatters=true logfailedtests=true threadid=0 logtestlistenerevents=false formatter=org.apache.tools.ant.taskdefs.optional.junit.XMLJUnitResultFormatter,C:\Users\shivakrishna.ch\MavenJenkinsProject\src\test\java\Reports\TEST-testUtils.helper.xml crashfile=C:\Users\shivakrishna.ch\MavenJenkinsProject\junitvmwatcher3972094247794099439.properties propsfile=C:\Users\shivakrishna.ch\MavenJenkinsProject\junit7542588206676457719.properties" />
    <property name="TSTAMP" value="2055" />
    <property name="ws.jars" value="C:\Users\shivakrishna.ch\.m2\repository" />
    <property name="java.vm.specification.name" value="Java Virtual Machine Specification" />
    <property name="ant.file.type" value="file" />
    <property name="env.windir" value="C:\Windows" />
    <property name="env.LOGONSERVER" value="\\NEXDC01" />
    <property name="env.PROCESSOR_ARCHITECTURE" value="x86" />
    <property name="java.vm.specification.version" value="1.7" />
    <property name="sun.os.patch.level" value="Service Pack 1" />
    <property name="sun.cpu.endian" value="little" />
    <property name="env.ANT_HOME" value="D:\ant\apache-ant-1.9.4" />
    <property name="env.ProgramFiles" value="C:\Program Files" />
    <property name="java.io.tmpdir" value="C:\Users\SHIVAK~1.CH\AppData\Local\Temp\" />
    <property name="env.PROCESSOR_REVISION" value="1706" />
    <property name="test.src" value="C:\Users\shivakrishna.ch\MavenJenkinsProject/src" />
    <property name="java.vendor.url.bug" value="http://bugreport.sun.com/bugreport/" />
    <property name="env.SystemRoot" value="C:\Windows" />
    <property name="java.awt.graphicsenv" value="sun.awt.Win32GraphicsEnvironment" />
    <property name="env.ANT_CMD_LINE_ARGS" value=" clean compile run" />
    <property name="os.arch" value="x86" />
    <property name="java.ext.dirs" value="C:\Program Files\Java\jdk1.7.0_67\jre\lib\ext;C:\Windows\Sun\Java\lib\ext" />
    <property name="user.dir" value="C:\Users\shivakrishna.ch\MavenJenkinsProject" />
    <property name="env.LOCALAPPDATA" value="C:\Users\shivakrishna.ch\AppData\Local" />
    <property name="line.separator" value="
" />
    <property name="java.vm.name" value="Java HotSpot(TM) Client VM" />
    <property name="ANT" value="D:\ant\apache-ant-1.9.4/bin/ant.bat" />
    <property name="env.PATHEXT" value=".COM;.EXE;.BAT;.CMD;.VBS;.VBE;.JS;.JSE;.WSF;.WSH;.MSC" />
    <property name="env.Path" value="C:\Windows;C:\Windows\system32\;D:\ant\apache-ant-1.9.4\bin;C:\Program Files\Java\jdk1.7.0_67\bin;D:\Selenium files\apache-maven-3.2.3\bin;$ANDROID_HOME/tools;$ANDROID_HOME/platform-tools;C:\RailsInstaller\Git\cmd;C:\RailsInstaller\Ruby1.9.3\bin" />
    <property name="basedir" value="C:\Users\shivakrishna.ch\MavenJenkinsProject" />
    <property name="ant.java.version" value="1.7" />
    <property name="ant.core.lib" value="D:\ant\apache-ant-1.9.4\lib\ant.jar" />
    <property name="env.USERNAME" value="shivakrishna.ch" />
    <property name="env.SystemDrive" value="C:" />
    <property name="file.encoding" value="Cp1252" />
    <property name="env.USERDOMAIN" value="NEXIILABS" />
    <property name="java.specification.version" value="1.7" />
    <property name="env.=C:" value="C:\Users\shivakrishna.ch\MavenJenkinsProject" />
    <property name="ant.project.invoked-targets" value="clean,compile,run" />
    <property name="env.PROCESSOR_LEVEL" value="6" />
  </properties>
  <testcase classname="testUtils.helper" name="initializationError" time="0.01">
    <error message="No runnable methods" type="java.lang.Exception">java.lang.Exception: No runnable methods
	at java.lang.reflect.Constructor.newInstance(Constructor.java:526)
</error>
  </testcase>
  <system-out><![CDATA[]]></system-out>
  <system-err><![CDATA[]]></system-err>
</testsuite>
