<?xml version="1.0" encoding="UTF-8"?>
<!-- Generated by org.testng.reporters.JUnitReportReporter -->
<testsuite hostname="shivakrishnach" name="com.Jenkins.Test.NexiiContactTest" tests="1" failures="0" timestamp="10 Sep 2014 14:32:30 GMT" time="33.683" errors="0">
  <testcase name="contactUs" time="33.683" classname="com.Jenkins.Test.NexiiContactTest"/>
</testsuite> <!-- com.Jenkins.Test.NexiiContactTest -->
