<?xml version="1.0" encoding="UTF-8"?>
<!-- Generated by org.testng.reporters.JUnitReportReporter -->
<testsuite hostname="shivakrishnach" name="com.Jenkins.Test.BaseTest" tests="1" failures="0" timestamp="9 Sep 2014 12:43:22 GMT" time="0.010" errors="0">
  <testcase name="f" time="0.010" classname="com.Jenkins.Test.BaseTest"/>
</testsuite> <!-- com.Jenkins.Test.BaseTest -->
