<?xml version="1.0" encoding="UTF-8"?>
<!-- Generated by org.testng.reporters.JUnitReportReporter -->
<testsuite hostname="shivakrishnach" name="testUtils.helper" tests="1" failures="0" timestamp="9 Sep 2014 12:43:22 GMT" time="3.735" errors="0">
  <testcase name="f" time="3.735" classname="testUtils.helper"/>
</testsuite> <!-- testUtils.helper -->
